<?xml version="1.0" encoding="UTF-8"?>
<testsuite name="evaluation.CancellationContractTest" tests="7" skipped="0" failures="0" errors="0" timestamp="2026-09-21T03:49:47.707Z" hostname="YB" time="0.102">
  <properties/>
  <testcase name="foreignOwnerIsRejectedWithoutMutation()" classname="evaluation.CancellationContractTest" time="0.071"/>
  <testcase name="loggedOutIsRejectedWithoutMutation()" classname="evaluation.CancellationContractTest" time="0.004"/>
  <testcase name="wrongRoleIsRejectedWithoutMutation()" classname="evaluation.CancellationContractTest" time="0.003"/>
  <testcase name="ownerCanCancelOnlySelectedRequest()" classname="evaluation.CancellationContractTest" time="0.004"/>
  <testcase name="repeatedCancellationIsRejectedWithoutMutation()" classname="evaluation.CancellationContractTest" time="0.004"/>
  <testcase name="cancelledRequestIsRejectedWithoutMutation()" classname="evaluation.CancellationContractTest" time="0.001"/>
  <testcase name="unknownRequestIsRejectedWithoutMutation()" classname="evaluation.CancellationContractTest" time="0.002"/>
  <system-out><![CDATA[]]></system-out>
  <system-err><![CDATA[]]></system-err>
</testsuite>
